[ 2025-06-26 00:41:15,576 ] 40 root - INFO - Start data Ingestion
[ 2025-06-26 00:41:19,103 ] 65 root - INFO - Performed train test split on the dataframe
[ 2025-06-26 00:41:19,103 ] 67 root - INFO - Exited split_data_as_train_test method of Data_Ingestion class
[ 2025-06-26 00:41:19,103 ] 75 root - INFO - Exporting train and test file path.
[ 2025-06-26 00:41:19,349 ] 84 root - INFO - Exported train and test file path.
[ 2025-06-26 00:41:19,350 ] 43 root - INFO - Data Ingestion completed and artifact: DataIngestionArtifact(trained_file_path='Artifacts\\06_26_2025_00_40_32\\data_ingestion\\ingested\\train.csv', test_file_path='Artifacts\\06_26_2025_00_40_32\\data_ingestion\\ingested\\test.csv')
[ 2025-06-26 00:41:19,369 ] 53 root - INFO - Initiate the data Validation
[ 2025-06-26 00:41:19,563 ] 32 root - INFO - Required number of columns:2
[ 2025-06-26 00:41:19,563 ] 33 root - INFO - Data frame has columns:31
[ 2025-06-26 00:41:19,563 ] 32 root - INFO - Required number of columns:2
[ 2025-06-26 00:41:19,563 ] 33 root - INFO - Data frame has columns:31
[ 2025-06-26 00:41:20,214 ] 63 root - INFO - Entered initiate_data_transformation method of DataTransformation class
[ 2025-06-26 00:41:20,214 ] 65 root - INFO - Starting data transformation
[ 2025-06-26 00:41:20,305 ] 48 root - INFO - Entered get_data_trnasformer_object method of Trnasformation class
[ 2025-06-26 00:41:20,305 ] 53 root - INFO - Initialise KNNImputer with {'missing_values': nan, 'n_neighbors': 3, 'weights': 'uniform'}
[ 2025-06-26 00:41:20,332 ] 46 root - INFO - Entered the save_object method of MainUtils class
[ 2025-06-26 00:41:20,337 ] 50 root - INFO - Exited the save_object method of MainUtils class
[ 2025-06-26 00:41:20,337 ] 46 root - INFO - Entered the save_object method of MainUtils class
[ 2025-06-26 00:41:20,341 ] 50 root - INFO - Exited the save_object method of MainUtils class
[ 2025-06-26 00:52:36,187 ] 46 root - INFO - Entered the save_object method of MainUtils class
[ 2025-06-26 00:52:36,193 ] 50 root - INFO - Exited the save_object method of MainUtils class
[ 2025-06-26 00:52:36,193 ] 46 root - INFO - Entered the save_object method of MainUtils class
[ 2025-06-26 00:52:36,196 ] 50 root - INFO - Exited the save_object method of MainUtils class
[ 2025-06-26 00:52:36,196 ] 147 root - INFO - Model trainer artifact: ModelTrainerArtifact(trained_model_file_path='Artifacts\\06_26_2025_00_40_32\\model_trainer\\trained_model\\model.pkl', train_metric_artifact=ClassificationMetricArtifact(f1_score=0.9910909738838263, precision_score=0.9915452785983498, recall_score=0.9906370852839406), test_metric_artifact=ClassificationMetricArtifact(f1_score=0.9849367342839928, precision_score=0.9843436370935368, recall_score=0.9855305466237942))
